# JRE version: Java(TM) SE Runtime Environment (8.0_60-b27) (build 1.8.0_60-b27)
# Java VM: Java HotSpot(TM) 64-Bit Server VM (25.60-b23 mixed mode linux-amd64 compressed oops)
Heap:
 PSYoungGen      total 206336K, used 10751K [0x00000000e1600000, 0x00000000ef100000, 0x0000000100000000)
  eden space 195584K, 0% used [0x00000000e1600000,0x00000000e1600000,0x00000000ed500000)
  from space 10752K, 99% used [0x00000000ed500000,0x00000000edf7fcb8,0x00000000edf80000)
  to   space 10752K, 0% used [0x00000000edf80000,0x00000000edf80000,0x00000000eea00000)
 ParOldGen       total 56832K, used 17173K [0x00000000a4200000, 0x00000000a7980000, 0x00000000e1600000)
  object space 56832K, 30% used [0x00000000a4200000,0x00000000a52c56b0,0x00000000a7980000)
 Metaspace       used 53376K, capacity 53788K, committed 54232K, reserved 1095680K
  class space    used 7690K, capacity 7837K, committed 7896K, reserved 1048576K
GC Heap History (10 events):
Event: 35,398 GC heap after
Heap after GC invocations=16 (full 1):
 PSYoungGen      total 115712K, used 864K [0x00000000e1600000, 0x00000000ebc80000, 0x0000000100000000)
  eden space 106496K, 0% used [0x00000000e1600000,0x00000000e1600000,0x00000000e7e00000)
  from space 9216K, 9% used [0x00000000e7e00000,0x00000000e7ed8000,0x00000000e8700000)
  to   space 9216K, 0% used [0x00000000eb380000,0x00000000eb380000,0x00000000ebc80000)
 ParOldGen       total 48128K, used 15725K [0x00000000a4200000, 0x00000000a7100000, 0x00000000e1600000)
  object space 48128K, 32% used [0x00000000a4200000,0x00000000a515b7b0,0x00000000a7100000)
 Metaspace       used 26496K, capacity 26704K, committed 26880K, reserved 1073152K
  class space    used 3919K, capacity 3976K, committed 4096K, reserved 1048576K
}
Event: 37,021 GC heap before
{Heap before GC invocations=17 (full 1):
 PSYoungGen      total 115712K, used 107360K [0x00000000e1600000, 0x00000000ebc80000, 0x0000000100000000)
  eden space 106496K, 100% used [0x00000000e1600000,0x00000000e7e00000,0x00000000e7e00000)
  from space 9216K, 9% used [0x00000000e7e00000,0x00000000e7ed8000,0x00000000e8700000)
  to   space 9216K, 0% used [0x00000000eb380000,0x00000000eb380000,0x00000000ebc80000)
 ParOldGen       total 48128K, used 15725K [0x00000000a4200000, 0x00000000a7100000, 0x00000000e1600000)
  object space 48128K, 32% used [0x00000000a4200000,0x00000000a515b7b0,0x00000000a7100000)
 Metaspace       used 26504K, capacity 26704K, committed 26880K, reserved 1073152K
  class space    used 3919K, capacity 3976K, committed 4096K, reserved 1048576K
Event: 37,070 GC heap after
Heap after GC invocations=17 (full 1):
 PSYoungGen      total 161280K, used 256K [0x00000000e1600000, 0x00000000ebf80000, 0x0000000100000000)
  eden space 152064K, 0% used [0x00000000e1600000,0x00000000e1600000,0x00000000eaa80000)
  from space 9216K, 2% used [0x00000000eb380000,0x00000000eb3c0000,0x00000000ebc80000)
  to   space 9216K, 0% used [0x00000000eaa80000,0x00000000eaa80000,0x00000000eb380000)
 ParOldGen       total 48128K, used 15869K [0x00000000a4200000, 0x00000000a7100000, 0x00000000e1600000)
  object space 48128K, 32% used [0x00000000a4200000,0x00000000a517f7b0,0x00000000a7100000)
 Metaspace       used 26504K, capacity 26704K, committed 26880K, reserved 1073152K
  class space    used 3919K, capacity 3976K, committed 4096K, reserved 1048576K
}
Event: 42,917 GC heap before
{Heap before GC invocations=18 (full 1):
 PSYoungGen      total 161280K, used 152320K [0x00000000e1600000, 0x00000000ebf80000, 0x0000000100000000)
  eden space 152064K, 100% used [0x00000000e1600000,0x00000000eaa80000,0x00000000eaa80000)
  from space 9216K, 2% used [0x00000000eb380000,0x00000000eb3c0000,0x00000000ebc80000)
  to   space 9216K, 0% used [0x00000000eaa80000,0x00000000eaa80000,0x00000000eb380000)
 ParOldGen       total 48128K, used 15869K [0x00000000a4200000, 0x00000000a7100000, 0x00000000e1600000)
  object space 48128K, 32% used [0x00000000a4200000,0x00000000a517f7b0,0x00000000a7100000)
 Metaspace       used 34399K, capacity 34784K, committed 35072K, reserved 1079296K
  class space    used 5193K, capacity 5304K, committed 5376K, reserved 1048576K
Event: 42,930 GC heap after
Heap after GC invocations=18 (full 1):
 PSYoungGen      total 161280K, used 9112K [0x00000000e1600000, 0x00000000eea00000, 0x0000000100000000)
  eden space 152064K, 0% used [0x00000000e1600000,0x00000000e1600000,0x00000000eaa80000)
  from space 9216K, 98% used [0x00000000eaa80000,0x00000000eb3661c0,0x00000000eb380000)
  to   space 10752K, 0% used [0x00000000edf80000,0x00000000edf80000,0x00000000eea00000)
 ParOldGen       total 48128K, used 15893K [0x00000000a4200000, 0x00000000a7100000, 0x00000000e1600000)
  object space 48128K, 33% used [0x00000000a4200000,0x00000000a51857b0,0x00000000a7100000)
 Metaspace       used 34399K, capacity 34784K, committed 35072K, reserved 1079296K
  class space    used 5193K, capacity 5304K, committed 5376K, reserved 1048576K
}
Event: 43,053 GC heap before
{Heap before GC invocations=19 (full 1):
 PSYoungGen      total 161280K, used 18493K [0x00000000e1600000, 0x00000000eea00000, 0x0000000100000000)
  eden space 152064K, 6% used [0x00000000e1600000,0x00000000e1f294b0,0x00000000eaa80000)
  from space 9216K, 98% used [0x00000000eaa80000,0x00000000eb3661c0,0x00000000eb380000)
  to   space 10752K, 0% used [0x00000000edf80000,0x00000000edf80000,0x00000000eea00000)
 ParOldGen       total 48128K, used 15893K [0x00000000a4200000, 0x00000000a7100000, 0x00000000e1600000)
  object space 48128K, 33% used [0x00000000a4200000,0x00000000a51857b0,0x00000000a7100000)
 Metaspace       used 34992K, capacity 35360K, committed 35416K, reserved 1079296K
  class space    used 5314K, capacity 5432K, committed 5464K, reserved 1048576K
Event: 43,062 GC heap after
Heap after GC invocations=19 (full 1):
 PSYoungGen      total 206336K, used 711K [0x00000000e1600000, 0x00000000ef100000, 0x0000000100000000)
  eden space 195584K, 0% used [0x00000000e1600000,0x00000000e1600000,0x00000000ed500000)
  from space 10752K, 6% used [0x00000000edf80000,0x00000000ee031e20,0x00000000eea00000)
  to   space 10752K, 0% used [0x00000000ed500000,0x00000000ed500000,0x00000000edf80000)
 ParOldGen       total 48128K, used 17965K [0x00000000a4200000, 0x00000000a7100000, 0x00000000e1600000)
  object space 48128K, 37% used [0x00000000a4200000,0x00000000a538b780,0x00000000a7100000)
 Metaspace       used 34992K, capacity 35360K, committed 35416K, reserved 1079296K
  class space    used 5314K, capacity 5432K, committed 5464K, reserved 1048576K
}
Event: 43,062 GC heap before
{Heap before GC invocations=20 (full 2):
 PSYoungGen      total 206336K, used 711K [0x00000000e1600000, 0x00000000ef100000, 0x0000000100000000)
  eden space 195584K, 0% used [0x00000000e1600000,0x00000000e1600000,0x00000000ed500000)
  from space 10752K, 6% used [0x00000000edf80000,0x00000000ee031e20,0x00000000eea00000)
  to   space 10752K, 0% used [0x00000000ed500000,0x00000000ed500000,0x00000000edf80000)
 ParOldGen       total 48128K, used 17965K [0x00000000a4200000, 0x00000000a7100000, 0x00000000e1600000)
  object space 48128K, 37% used [0x00000000a4200000,0x00000000a538b780,0x00000000a7100000)
 Metaspace       used 34992K, capacity 35360K, committed 35416K, reserved 1079296K
  class space    used 5314K, capacity 5432K, committed 5464K, reserved 1048576K
Event: 43,110 GC heap after
Heap after GC invocations=20 (full 2):
 PSYoungGen      total 206336K, used 0K [0x00000000e1600000, 0x00000000ef100000, 0x0000000100000000)
  eden space 195584K, 0% used [0x00000000e1600000,0x00000000e1600000,0x00000000ed500000)
  from space 10752K, 0% used [0x00000000edf80000,0x00000000edf80000,0x00000000eea00000)
  to   space 10752K, 0% used [0x00000000ed500000,0x00000000ed500000,0x00000000edf80000)
 ParOldGen       total 56832K, used 10570K [0x00000000a4200000, 0x00000000a7980000, 0x00000000e1600000)
  object space 56832K, 18% used [0x00000000a4200000,0x00000000a4c52b58,0x00000000a7980000)
 Metaspace       used 34992K, capacity 35360K, committed 35416K, reserved 1079296K
  class space    used 5314K, capacity 5432K, committed 5464K, reserved 1048576K
}
Event: 267,887 GC heap before
{Heap before GC invocations=21 (full 2):
 PSYoungGen      total 206336K, used 195584K [0x00000000e1600000, 0x00000000ef100000, 0x0000000100000000)
  eden space 195584K, 100% used [0x00000000e1600000,0x00000000ed500000,0x00000000ed500000)
  from space 10752K, 0% used [0x00000000edf80000,0x00000000edf80000,0x00000000eea00000)
  to   space 10752K, 0% used [0x00000000ed500000,0x00000000ed500000,0x00000000edf80000)
 ParOldGen       total 56832K, used 10570K [0x00000000a4200000, 0x00000000a7980000, 0x00000000e1600000)
  object space 56832K, 18% used [0x00000000a4200000,0x00000000a4c52b58,0x00000000a7980000)
 Metaspace       used 53376K, capacity 53788K, committed 54232K, reserved 1095680K
  class space    used 7690K, capacity 7837K, committed 7896K, reserved 1048576K

